2021-07-26 09:56:59.018  WARN 8464 --- [HikariPool-1 housekeeper] com.zaxxer.hikari.pool.HikariPool        : HikariPool-1 - Thread starvation or clock leap detected (housekeeper delta=10h18m1s110ms449µs100ns).
2021-07-26 12:07:21.633  WARN 8464 --- [HikariPool-1 housekeeper] com.zaxxer.hikari.pool.HikariPool        : HikariPool-1 - Thread starvation or clock leap detected (housekeeper delta=1h11m51s775ms620µs800ns).
2021-07-26 15:17:49.302  WARN 8464 --- [HikariPool-1 housekeeper] com.zaxxer.hikari.pool.HikariPool        : HikariPool-1 - Thread starvation or clock leap detected (housekeeper delta=2h13m56s769ms926µs500ns).
2021-07-26 15:28:32.677  INFO 8464 --- [Thread-5] j.LocalContainerEntityManagerFactoryBean : Closing JPA EntityManagerFactory for persistence unit 'default'
2021-07-26 15:28:34.303  INFO 8464 --- [Thread-5] com.zaxxer.hikari.HikariDataSource       : HikariPool-1 - Shutdown initiated...
2021-07-26 15:28:34.764  INFO 8464 --- [Thread-5] com.zaxxer.hikari.HikariDataSource       : HikariPool-1 - Shutdown completed.
2021-07-26 15:28:42.481  INFO 8464 --- [restartedMain] c.i.e.ElektronskiDnevnikApplication      : Starting ElektronskiDnevnikApplication using Java 15.0.2 on DESKTOP-M73KBVB with PID 8464 (G:\Backend\workspaceIKTPreobuka\elektronski_dnevnik\target\classes started by PC.001 in G:\Backend\workspaceIKTPreobuka\elektronski_dnevnik)
2021-07-26 15:28:42.482  INFO 8464 --- [restartedMain] c.i.e.ElektronskiDnevnikApplication      : No active profile set, falling back to default profiles: default
2021-07-26 15:28:43.954  INFO 8464 --- [restartedMain] .s.d.r.c.RepositoryConfigurationDelegate : Bootstrapping Spring Data JPA repositories in DEFAULT mode.
2021-07-26 15:28:44.022  INFO 8464 --- [restartedMain] .s.d.r.c.RepositoryConfigurationDelegate : Finished Spring Data repository scanning in 66 ms. Found 7 JPA repository interfaces.
2021-07-26 15:28:44.392  INFO 8464 --- [restartedMain] trationDelegate$BeanPostProcessorChecker : Bean 'org.springframework.security.access.expression.method.DefaultMethodSecurityExpressionHandler@5423e096' of type [org.springframework.security.access.expression.method.DefaultMethodSecurityExpressionHandler] is not eligible for getting processed by all BeanPostProcessors (for example: not eligible for auto-proxying)
2021-07-26 15:28:44.403  INFO 8464 --- [restartedMain] trationDelegate$BeanPostProcessorChecker : Bean 'methodSecurityMetadataSource' of type [org.springframework.security.access.method.DelegatingMethodSecurityMetadataSource] is not eligible for getting processed by all BeanPostProcessors (for example: not eligible for auto-proxying)
2021-07-26 15:28:45.007  INFO 8464 --- [restartedMain] o.s.b.w.embedded.tomcat.TomcatWebServer  : Tomcat initialized with port(s): 8080 (http)
2021-07-26 15:28:45.021  INFO 8464 --- [restartedMain] o.apache.catalina.core.StandardService   : Starting service [Tomcat]
2021-07-26 15:28:45.021  INFO 8464 --- [restartedMain] org.apache.catalina.core.StandardEngine  : Starting Servlet engine: [Apache Tomcat/9.0.48]
2021-07-26 15:28:45.129  INFO 8464 --- [restartedMain] o.a.c.c.C.[Tomcat].[localhost].[/]       : Initializing Spring embedded WebApplicationContext
2021-07-26 15:28:45.130  INFO 8464 --- [restartedMain] w.s.c.ServletWebServerApplicationContext : Root WebApplicationContext: initialization completed in 2639 ms
2021-07-26 15:28:45.371  INFO 8464 --- [restartedMain] com.zaxxer.hikari.HikariDataSource       : HikariPool-2 - Starting...
2021-07-26 15:28:45.372  WARN 8464 --- [restartedMain] com.zaxxer.hikari.util.DriverDataSource  : Registered driver with driverClassName=com.mysql.jdbc.Driver was not found, trying direct instantiation.
2021-07-26 15:28:45.484  INFO 8464 --- [restartedMain] com.zaxxer.hikari.HikariDataSource       : HikariPool-2 - Start completed.
2021-07-26 15:28:48.564  INFO 8464 --- [restartedMain] j.LocalContainerEntityManagerFactoryBean : Initialized JPA EntityManagerFactory for persistence unit 'default'
2021-07-26 15:28:48.628  WARN 8464 --- [restartedMain] JpaBaseConfiguration$JpaWebConfiguration : spring.jpa.open-in-view is enabled by default. Therefore, database queries may be performed during view rendering. Explicitly configure spring.jpa.open-in-view to disable this warning
2021-07-26 15:28:49.174  INFO 8464 --- [restartedMain] o.s.s.web.DefaultSecurityFilterChain     : Will secure any request with [org.springframework.security.web.context.request.async.WebAsyncManagerIntegrationFilter@512cc2fc, org.springframework.security.web.context.SecurityContextPersistenceFilter@28ffdbdb, org.springframework.security.web.header.HeaderWriterFilter@1b3e3c43, org.springframework.security.web.authentication.logout.LogoutFilter@5264c163, org.springframework.security.web.authentication.www.BasicAuthenticationFilter@432e3009, org.springframework.security.web.savedrequest.RequestCacheAwareFilter@17bb85bc, org.springframework.security.web.servletapi.SecurityContextHolderAwareRequestFilter@7d0d6f2c, org.springframework.security.web.authentication.AnonymousAuthenticationFilter@6a821438, org.springframework.security.web.session.SessionManagementFilter@50ac4bba, org.springframework.security.web.access.ExceptionTranslationFilter@74f97048, org.springframework.security.web.access.intercept.FilterSecurityInterceptor@2eabc40f]
2021-07-26 15:28:49.538  WARN 8464 --- [restartedMain] ion$DefaultTemplateResolverConfiguration : Cannot find template location: classpath:/templates/ (please add some templates or check your Thymeleaf configuration)
2021-07-26 15:28:49.692  INFO 8464 --- [restartedMain] o.s.b.d.a.OptionalLiveReloadServer       : LiveReload server is running on port 35729
2021-07-26 15:28:49.744  INFO 8464 --- [restartedMain] o.s.b.w.embedded.tomcat.TomcatWebServer  : Tomcat started on port(s): 8080 (http) with context path ''
2021-07-26 15:28:49.758  INFO 8464 --- [restartedMain] c.i.e.ElektronskiDnevnikApplication      : Started ElektronskiDnevnikApplication in 7.58 seconds (JVM running for 57392.349)
2021-07-26 15:28:49.764  INFO 8464 --- [restartedMain] .ConditionEvaluationDeltaLoggingListener : Condition evaluation unchanged
2021-07-26 15:28:51.181  INFO 8464 --- [Thread-7] j.LocalContainerEntityManagerFactoryBean : Closing JPA EntityManagerFactory for persistence unit 'default'
2021-07-26 15:28:51.183  INFO 8464 --- [Thread-7] com.zaxxer.hikari.HikariDataSource       : HikariPool-2 - Shutdown initiated...
2021-07-26 15:28:51.195  INFO 8464 --- [Thread-7] com.zaxxer.hikari.HikariDataSource       : HikariPool-2 - Shutdown completed.
2021-07-26 15:28:51.413  INFO 8464 --- [restartedMain] c.i.e.ElektronskiDnevnikApplication      : Starting ElektronskiDnevnikApplication using Java 15.0.2 on DESKTOP-M73KBVB with PID 8464 (G:\Backend\workspaceIKTPreobuka\elektronski_dnevnik\target\classes started by PC.001 in G:\Backend\workspaceIKTPreobuka\elektronski_dnevnik)
2021-07-26 15:28:51.414  INFO 8464 --- [restartedMain] c.i.e.ElektronskiDnevnikApplication      : No active profile set, falling back to default profiles: default
2021-07-26 15:28:51.863  INFO 8464 --- [restartedMain] .s.d.r.c.RepositoryConfigurationDelegate : Bootstrapping Spring Data JPA repositories in DEFAULT mode.
2021-07-26 15:28:51.911  INFO 8464 --- [restartedMain] .s.d.r.c.RepositoryConfigurationDelegate : Finished Spring Data repository scanning in 47 ms. Found 7 JPA repository interfaces.
2021-07-26 15:28:52.103  INFO 8464 --- [restartedMain] trationDelegate$BeanPostProcessorChecker : Bean 'org.springframework.security.access.expression.method.DefaultMethodSecurityExpressionHandler@4afd3f15' of type [org.springframework.security.access.expression.method.DefaultMethodSecurityExpressionHandler] is not eligible for getting processed by all BeanPostProcessors (for example: not eligible for auto-proxying)
2021-07-26 15:28:52.105  INFO 8464 --- [restartedMain] trationDelegate$BeanPostProcessorChecker : Bean 'methodSecurityMetadataSource' of type [org.springframework.security.access.method.DelegatingMethodSecurityMetadataSource] is not eligible for getting processed by all BeanPostProcessors (for example: not eligible for auto-proxying)
2021-07-26 15:28:52.238  INFO 8464 --- [restartedMain] o.s.b.w.embedded.tomcat.TomcatWebServer  : Tomcat initialized with port(s): 8080 (http)
2021-07-26 15:28:52.240  INFO 8464 --- [restartedMain] o.apache.catalina.core.StandardService   : Starting service [Tomcat]
2021-07-26 15:28:52.241  INFO 8464 --- [restartedMain] org.apache.catalina.core.StandardEngine  : Starting Servlet engine: [Apache Tomcat/9.0.48]
2021-07-26 15:28:52.310  INFO 8464 --- [restartedMain] o.a.c.c.C.[Tomcat].[localhost].[/]       : Initializing Spring embedded WebApplicationContext
2021-07-26 15:28:52.311  INFO 8464 --- [restartedMain] w.s.c.ServletWebServerApplicationContext : Root WebApplicationContext: initialization completed in 892 ms
2021-07-26 15:28:52.435  INFO 8464 --- [restartedMain] com.zaxxer.hikari.HikariDataSource       : HikariPool-3 - Starting...
2021-07-26 15:28:52.436  WARN 8464 --- [restartedMain] com.zaxxer.hikari.util.DriverDataSource  : Registered driver with driverClassName=com.mysql.jdbc.Driver was not found, trying direct instantiation.
2021-07-26 15:28:52.491  INFO 8464 --- [restartedMain] com.zaxxer.hikari.HikariDataSource       : HikariPool-3 - Start completed.
2021-07-26 15:28:53.600  INFO 8464 --- [restartedMain] j.LocalContainerEntityManagerFactoryBean : Initialized JPA EntityManagerFactory for persistence unit 'default'
2021-07-26 15:28:53.657  WARN 8464 --- [restartedMain] JpaBaseConfiguration$JpaWebConfiguration : spring.jpa.open-in-view is enabled by default. Therefore, database queries may be performed during view rendering. Explicitly configure spring.jpa.open-in-view to disable this warning
2021-07-26 15:28:54.272  INFO 8464 --- [restartedMain] o.s.s.web.DefaultSecurityFilterChain     : Will secure any request with [org.springframework.security.web.context.request.async.WebAsyncManagerIntegrationFilter@3f5cfd69, org.springframework.security.web.context.SecurityContextPersistenceFilter@74db9793, org.springframework.security.web.header.HeaderWriterFilter@6d7e6d2e, org.springframework.security.web.authentication.logout.LogoutFilter@5f48e179, org.springframework.security.web.authentication.www.BasicAuthenticationFilter@457e8321, org.springframework.security.web.savedrequest.RequestCacheAwareFilter@286574c5, org.springframework.security.web.servletapi.SecurityContextHolderAwareRequestFilter@366c7bfa, org.springframework.security.web.authentication.AnonymousAuthenticationFilter@2a69dd4b, org.springframework.security.web.session.SessionManagementFilter@2f2dc0e2, org.springframework.security.web.access.ExceptionTranslationFilter@1c180f52, org.springframework.security.web.access.intercept.FilterSecurityInterceptor@5a41955d]
2021-07-26 15:28:54.517  WARN 8464 --- [restartedMain] ion$DefaultTemplateResolverConfiguration : Cannot find template location: classpath:/templates/ (please add some templates or check your Thymeleaf configuration)
2021-07-26 15:28:54.618  INFO 8464 --- [restartedMain] o.s.b.d.a.OptionalLiveReloadServer       : LiveReload server is running on port 35729
2021-07-26 15:28:54.670  INFO 8464 --- [restartedMain] o.s.b.w.embedded.tomcat.TomcatWebServer  : Tomcat started on port(s): 8080 (http) with context path ''
2021-07-26 15:28:54.694  INFO 8464 --- [restartedMain] c.i.e.ElektronskiDnevnikApplication      : Started ElektronskiDnevnikApplication in 3.362 seconds (JVM running for 57397.285)
2021-07-26 15:28:54.699  INFO 8464 --- [restartedMain] .ConditionEvaluationDeltaLoggingListener : Condition evaluation unchanged
2021-07-26 17:11:45.582  WARN 8464 --- [HikariPool-3 housekeeper] com.zaxxer.hikari.pool.HikariPool        : HikariPool-3 - Thread starvation or clock leap detected (housekeeper delta=54m22s258ms819µs700ns).
2021-07-26 17:24:06.238  INFO 8464 --- [Thread-11] j.LocalContainerEntityManagerFactoryBean : Closing JPA EntityManagerFactory for persistence unit 'default'
2021-07-26 17:24:06.240  INFO 8464 --- [Thread-11] com.zaxxer.hikari.HikariDataSource       : HikariPool-3 - Shutdown initiated...
2021-07-26 17:24:06.248  INFO 8464 --- [Thread-11] com.zaxxer.hikari.HikariDataSource       : HikariPool-3 - Shutdown completed.
2021-07-26 17:24:06.465  INFO 8464 --- [restartedMain] c.i.e.ElektronskiDnevnikApplication      : Starting ElektronskiDnevnikApplication using Java 15.0.2 on DESKTOP-M73KBVB with PID 8464 (G:\Backend\workspaceIKTPreobuka\elektronski_dnevnik\target\classes started by PC.001 in G:\Backend\workspaceIKTPreobuka\elektronski_dnevnik)
2021-07-26 17:24:06.465  INFO 8464 --- [restartedMain] c.i.e.ElektronskiDnevnikApplication      : No active profile set, falling back to default profiles: default
2021-07-26 17:24:07.046  INFO 8464 --- [restartedMain] .s.d.r.c.RepositoryConfigurationDelegate : Bootstrapping Spring Data JPA repositories in DEFAULT mode.
2021-07-26 17:24:07.094  INFO 8464 --- [restartedMain] .s.d.r.c.RepositoryConfigurationDelegate : Finished Spring Data repository scanning in 47 ms. Found 7 JPA repository interfaces.
2021-07-26 17:24:07.352  INFO 8464 --- [restartedMain] trationDelegate$BeanPostProcessorChecker : Bean 'org.springframework.security.access.expression.method.DefaultMethodSecurityExpressionHandler@430335e3' of type [org.springframework.security.access.expression.method.DefaultMethodSecurityExpressionHandler] is not eligible for getting processed by all BeanPostProcessors (for example: not eligible for auto-proxying)
2021-07-26 17:24:07.354  INFO 8464 --- [restartedMain] trationDelegate$BeanPostProcessorChecker : Bean 'methodSecurityMetadataSource' of type [org.springframework.security.access.method.DelegatingMethodSecurityMetadataSource] is not eligible for getting processed by all BeanPostProcessors (for example: not eligible for auto-proxying)
2021-07-26 17:24:07.508  INFO 8464 --- [restartedMain] o.s.b.w.embedded.tomcat.TomcatWebServer  : Tomcat initialized with port(s): 8080 (http)
2021-07-26 17:24:07.510  INFO 8464 --- [restartedMain] o.apache.catalina.core.StandardService   : Starting service [Tomcat]
2021-07-26 17:24:07.511  INFO 8464 --- [restartedMain] org.apache.catalina.core.StandardEngine  : Starting Servlet engine: [Apache Tomcat/9.0.48]
2021-07-26 17:24:07.584  INFO 8464 --- [restartedMain] o.a.c.c.C.[Tomcat].[localhost].[/]       : Initializing Spring embedded WebApplicationContext
2021-07-26 17:24:07.585  INFO 8464 --- [restartedMain] w.s.c.ServletWebServerApplicationContext : Root WebApplicationContext: initialization completed in 1113 ms
2021-07-26 17:24:07.732  INFO 8464 --- [restartedMain] com.zaxxer.hikari.HikariDataSource       : HikariPool-4 - Starting...
2021-07-26 17:24:07.733  WARN 8464 --- [restartedMain] com.zaxxer.hikari.util.DriverDataSource  : Registered driver with driverClassName=com.mysql.jdbc.Driver was not found, trying direct instantiation.
2021-07-26 17:24:07.859  INFO 8464 --- [restartedMain] com.zaxxer.hikari.HikariDataSource       : HikariPool-4 - Start completed.
2021-07-26 17:24:08.862  INFO 8464 --- [restartedMain] j.LocalContainerEntityManagerFactoryBean : Initialized JPA EntityManagerFactory for persistence unit 'default'
2021-07-26 17:24:08.912  WARN 8464 --- [restartedMain] JpaBaseConfiguration$JpaWebConfiguration : spring.jpa.open-in-view is enabled by default. Therefore, database queries may be performed during view rendering. Explicitly configure spring.jpa.open-in-view to disable this warning
2021-07-26 17:24:09.350  INFO 8464 --- [restartedMain] o.s.s.web.DefaultSecurityFilterChain     : Will secure any request with [org.springframework.security.web.context.request.async.WebAsyncManagerIntegrationFilter@3ed348fc, org.springframework.security.web.context.SecurityContextPersistenceFilter@40eed2dd, org.springframework.security.web.header.HeaderWriterFilter@517d4332, org.springframework.security.web.authentication.logout.LogoutFilter@ed28c7f, org.springframework.security.web.authentication.www.BasicAuthenticationFilter@7c977d17, org.springframework.security.web.savedrequest.RequestCacheAwareFilter@7e5de7fe, org.springframework.security.web.servletapi.SecurityContextHolderAwareRequestFilter@45024fd4, org.springframework.security.web.authentication.AnonymousAuthenticationFilter@38322531, org.springframework.security.web.session.SessionManagementFilter@4c670ad3, org.springframework.security.web.access.ExceptionTranslationFilter@7409509e, org.springframework.security.web.access.intercept.FilterSecurityInterceptor@1877629d]
2021-07-26 17:24:09.724  WARN 8464 --- [restartedMain] ion$DefaultTemplateResolverConfiguration : Cannot find template location: classpath:/templates/ (please add some templates or check your Thymeleaf configuration)
2021-07-26 17:24:09.896  INFO 8464 --- [restartedMain] o.s.b.d.a.OptionalLiveReloadServer       : LiveReload server is running on port 35729
2021-07-26 17:24:09.938  INFO 8464 --- [restartedMain] o.s.b.w.embedded.tomcat.TomcatWebServer  : Tomcat started on port(s): 8080 (http) with context path ''
2021-07-26 17:24:09.953  INFO 8464 --- [restartedMain] c.i.e.ElektronskiDnevnikApplication      : Started ElektronskiDnevnikApplication in 3.575 seconds (JVM running for 64314.774)
2021-07-26 17:24:09.957  INFO 8464 --- [restartedMain] .ConditionEvaluationDeltaLoggingListener : Condition evaluation unchanged
2021-07-26 17:24:42.304  INFO 8464 --- [Thread-15] j.LocalContainerEntityManagerFactoryBean : Closing JPA EntityManagerFactory for persistence unit 'default'
2021-07-26 17:24:42.305  INFO 8464 --- [Thread-15] com.zaxxer.hikari.HikariDataSource       : HikariPool-4 - Shutdown initiated...
2021-07-26 17:24:42.313  INFO 8464 --- [Thread-15] com.zaxxer.hikari.HikariDataSource       : HikariPool-4 - Shutdown completed.
2021-07-26 17:24:42.511  INFO 8464 --- [restartedMain] c.i.e.ElektronskiDnevnikApplication      : Starting ElektronskiDnevnikApplication using Java 15.0.2 on DESKTOP-M73KBVB with PID 8464 (G:\Backend\workspaceIKTPreobuka\elektronski_dnevnik\target\classes started by PC.001 in G:\Backend\workspaceIKTPreobuka\elektronski_dnevnik)
2021-07-26 17:24:42.512  INFO 8464 --- [restartedMain] c.i.e.ElektronskiDnevnikApplication      : No active profile set, falling back to default profiles: default
2021-07-26 17:24:42.925  INFO 8464 --- [restartedMain] .s.d.r.c.RepositoryConfigurationDelegate : Bootstrapping Spring Data JPA repositories in DEFAULT mode.
2021-07-26 17:24:42.992  INFO 8464 --- [restartedMain] .s.d.r.c.RepositoryConfigurationDelegate : Finished Spring Data repository scanning in 66 ms. Found 8 JPA repository interfaces.
2021-07-26 17:24:43.220  INFO 8464 --- [restartedMain] trationDelegate$BeanPostProcessorChecker : Bean 'org.springframework.security.access.expression.method.DefaultMethodSecurityExpressionHandler@19587b56' of type [org.springframework.security.access.expression.method.DefaultMethodSecurityExpressionHandler] is not eligible for getting processed by all BeanPostProcessors (for example: not eligible for auto-proxying)
2021-07-26 17:24:43.223  INFO 8464 --- [restartedMain] trationDelegate$BeanPostProcessorChecker : Bean 'methodSecurityMetadataSource' of type [org.springframework.security.access.method.DelegatingMethodSecurityMetadataSource] is not eligible for getting processed by all BeanPostProcessors (for example: not eligible for auto-proxying)
2021-07-26 17:24:43.362  INFO 8464 --- [restartedMain] o.s.b.w.embedded.tomcat.TomcatWebServer  : Tomcat initialized with port(s): 8080 (http)
2021-07-26 17:24:43.364  INFO 8464 --- [restartedMain] o.apache.catalina.core.StandardService   : Starting service [Tomcat]
2021-07-26 17:24:43.365  INFO 8464 --- [restartedMain] org.apache.catalina.core.StandardEngine  : Starting Servlet engine: [Apache Tomcat/9.0.48]
2021-07-26 17:24:43.440  INFO 8464 --- [restartedMain] o.a.c.c.C.[Tomcat].[localhost].[/]       : Initializing Spring embedded WebApplicationContext
2021-07-26 17:24:43.440  INFO 8464 --- [restartedMain] w.s.c.ServletWebServerApplicationContext : Root WebApplicationContext: initialization completed in 923 ms
2021-07-26 17:24:43.570  INFO 8464 --- [restartedMain] com.zaxxer.hikari.HikariDataSource       : HikariPool-5 - Starting...
2021-07-26 17:24:43.571  WARN 8464 --- [restartedMain] com.zaxxer.hikari.util.DriverDataSource  : Registered driver with driverClassName=com.mysql.jdbc.Driver was not found, trying direct instantiation.
2021-07-26 17:24:43.649  INFO 8464 --- [restartedMain] com.zaxxer.hikari.HikariDataSource       : HikariPool-5 - Start completed.
2021-07-26 17:24:44.537  INFO 8464 --- [restartedMain] j.LocalContainerEntityManagerFactoryBean : Initialized JPA EntityManagerFactory for persistence unit 'default'
2021-07-26 17:24:44.582  WARN 8464 --- [restartedMain] JpaBaseConfiguration$JpaWebConfiguration : spring.jpa.open-in-view is enabled by default. Therefore, database queries may be performed during view rendering. Explicitly configure spring.jpa.open-in-view to disable this warning
2021-07-26 17:24:44.977  INFO 8464 --- [restartedMain] o.s.s.web.DefaultSecurityFilterChain     : Will secure any request with [org.springframework.security.web.context.request.async.WebAsyncManagerIntegrationFilter@641be046, org.springframework.security.web.context.SecurityContextPersistenceFilter@5b9c563e, org.springframework.security.web.header.HeaderWriterFilter@57405778, org.springframework.security.web.authentication.logout.LogoutFilter@1016660e, org.springframework.security.web.authentication.www.BasicAuthenticationFilter@2bd4a412, org.springframework.security.web.savedrequest.RequestCacheAwareFilter@36acae2f, org.springframework.security.web.servletapi.SecurityContextHolderAwareRequestFilter@6302c415, org.springframework.security.web.authentication.AnonymousAuthenticationFilter@5912286d, org.springframework.security.web.session.SessionManagementFilter@33df32a9, org.springframework.security.web.access.ExceptionTranslationFilter@332bcecc, org.springframework.security.web.access.intercept.FilterSecurityInterceptor@2bb38156]
2021-07-26 17:24:45.213  WARN 8464 --- [restartedMain] ion$DefaultTemplateResolverConfiguration : Cannot find template location: classpath:/templates/ (please add some templates or check your Thymeleaf configuration)
2021-07-26 17:24:45.330  INFO 8464 --- [restartedMain] o.s.b.d.a.OptionalLiveReloadServer       : LiveReload server is running on port 35729
2021-07-26 17:24:45.379  INFO 8464 --- [restartedMain] o.s.b.w.embedded.tomcat.TomcatWebServer  : Tomcat started on port(s): 8080 (http) with context path ''
2021-07-26 17:24:45.406  INFO 8464 --- [restartedMain] c.i.e.ElektronskiDnevnikApplication      : Started ElektronskiDnevnikApplication in 2.971 seconds (JVM running for 64350.227)
2021-07-26 17:24:45.413  INFO 8464 --- [restartedMain] .ConditionEvaluationDeltaLoggingListener : Condition evaluation unchanged
2021-07-26 18:25:19.038  INFO 8464 --- [Thread-19] j.LocalContainerEntityManagerFactoryBean : Closing JPA EntityManagerFactory for persistence unit 'default'
2021-07-26 18:25:19.071  INFO 8464 --- [Thread-19] com.zaxxer.hikari.HikariDataSource       : HikariPool-5 - Shutdown initiated...
2021-07-26 18:25:19.102  INFO 8464 --- [Thread-19] com.zaxxer.hikari.HikariDataSource       : HikariPool-5 - Shutdown completed.
2021-07-26 18:25:19.661  INFO 8464 --- [restartedMain] c.i.e.ElektronskiDnevnikApplication      : Starting ElektronskiDnevnikApplication using Java 15.0.2 on DESKTOP-M73KBVB with PID 8464 (G:\Backend\workspaceIKTPreobuka\elektronski_dnevnik\target\classes started by PC.001 in G:\Backend\workspaceIKTPreobuka\elektronski_dnevnik)
2021-07-26 18:25:19.662  INFO 8464 --- [restartedMain] c.i.e.ElektronskiDnevnikApplication      : No active profile set, falling back to default profiles: default
2021-07-26 18:25:21.357  INFO 8464 --- [restartedMain] .s.d.r.c.RepositoryConfigurationDelegate : Bootstrapping Spring Data JPA repositories in DEFAULT mode.
2021-07-26 18:25:21.509  INFO 8464 --- [restartedMain] .s.d.r.c.RepositoryConfigurationDelegate : Finished Spring Data repository scanning in 146 ms. Found 8 JPA repository interfaces.
2021-07-26 18:25:22.090  INFO 8464 --- [restartedMain] trationDelegate$BeanPostProcessorChecker : Bean 'org.springframework.security.access.expression.method.DefaultMethodSecurityExpressionHandler@2cf3651' of type [org.springframework.security.access.expression.method.DefaultMethodSecurityExpressionHandler] is not eligible for getting processed by all BeanPostProcessors (for example: not eligible for auto-proxying)
2021-07-26 18:25:22.097  INFO 8464 --- [restartedMain] trationDelegate$BeanPostProcessorChecker : Bean 'methodSecurityMetadataSource' of type [org.springframework.security.access.method.DelegatingMethodSecurityMetadataSource] is not eligible for getting processed by all BeanPostProcessors (for example: not eligible for auto-proxying)
2021-07-26 18:25:23.216  INFO 8464 --- [restartedMain] o.s.b.w.embedded.tomcat.TomcatWebServer  : Tomcat initialized with port(s): 8080 (http)
2021-07-26 18:25:23.218  INFO 8464 --- [restartedMain] o.apache.catalina.core.StandardService   : Starting service [Tomcat]
2021-07-26 18:25:23.219  INFO 8464 --- [restartedMain] org.apache.catalina.core.StandardEngine  : Starting Servlet engine: [Apache Tomcat/9.0.48]
2021-07-26 18:25:23.348  INFO 8464 --- [restartedMain] o.a.c.c.C.[Tomcat].[localhost].[/]       : Initializing Spring embedded WebApplicationContext
2021-07-26 18:25:23.349  INFO 8464 --- [restartedMain] w.s.c.ServletWebServerApplicationContext : Root WebApplicationContext: initialization completed in 3676 ms
2021-07-26 18:25:23.897  INFO 8464 --- [restartedMain] com.zaxxer.hikari.HikariDataSource       : HikariPool-6 - Starting...
2021-07-26 18:25:23.898  WARN 8464 --- [restartedMain] com.zaxxer.hikari.util.DriverDataSource  : Registered driver with driverClassName=com.mysql.jdbc.Driver was not found, trying direct instantiation.
2021-07-26 18:25:24.052  INFO 8464 --- [restartedMain] com.zaxxer.hikari.HikariDataSource       : HikariPool-6 - Start completed.
2021-07-26 18:25:26.044  INFO 8464 --- [restartedMain] j.LocalContainerEntityManagerFactoryBean : Initialized JPA EntityManagerFactory for persistence unit 'default'
2021-07-26 18:25:26.224  WARN 8464 --- [restartedMain] JpaBaseConfiguration$JpaWebConfiguration : spring.jpa.open-in-view is enabled by default. Therefore, database queries may be performed during view rendering. Explicitly configure spring.jpa.open-in-view to disable this warning
2021-07-26 18:25:27.777  INFO 8464 --- [restartedMain] o.s.s.web.DefaultSecurityFilterChain     : Will secure any request with [org.springframework.security.web.context.request.async.WebAsyncManagerIntegrationFilter@4cbac463, org.springframework.security.web.context.SecurityContextPersistenceFilter@f949b9a, org.springframework.security.web.header.HeaderWriterFilter@54802a2, org.springframework.security.web.authentication.logout.LogoutFilter@2d2dee24, org.springframework.security.web.authentication.www.BasicAuthenticationFilter@58fc25f8, org.springframework.security.web.savedrequest.RequestCacheAwareFilter@dc3cb44, org.springframework.security.web.servletapi.SecurityContextHolderAwareRequestFilter@48db954c, org.springframework.security.web.authentication.AnonymousAuthenticationFilter@6e49e71b, org.springframework.security.web.session.SessionManagementFilter@66a76cb5, org.springframework.security.web.access.ExceptionTranslationFilter@4f0c4a8, org.springframework.security.web.access.intercept.FilterSecurityInterceptor@3246cc12]
2021-07-26 18:25:28.500  WARN 8464 --- [restartedMain] ion$DefaultTemplateResolverConfiguration : Cannot find template location: classpath:/templates/ (please add some templates or check your Thymeleaf configuration)
2021-07-26 18:25:28.904  INFO 8464 --- [restartedMain] o.s.b.d.a.OptionalLiveReloadServer       : LiveReload server is running on port 35729
2021-07-26 18:25:29.043  INFO 8464 --- [restartedMain] o.s.b.w.embedded.tomcat.TomcatWebServer  : Tomcat started on port(s): 8080 (http) with context path ''
2021-07-26 18:25:29.061  INFO 8464 --- [restartedMain] c.i.e.ElektronskiDnevnikApplication      : Started ElektronskiDnevnikApplication in 9.59 seconds (JVM running for 67993.882)
2021-07-26 18:25:29.066  INFO 8464 --- [restartedMain] .ConditionEvaluationDeltaLoggingListener : Condition evaluation unchanged
2021-07-26 18:25:41.767  INFO 8464 --- [RMI TCP Connection(283)-127.0.0.1] inMXBeanRegistrar$SpringApplicationAdmin : Application shutdown requested.
2021-07-26 18:25:41.908  INFO 8464 --- [RMI TCP Connection(283)-127.0.0.1] j.LocalContainerEntityManagerFactoryBean : Closing JPA EntityManagerFactory for persistence unit 'default'
2021-07-26 18:25:41.910  INFO 8464 --- [RMI TCP Connection(283)-127.0.0.1] com.zaxxer.hikari.HikariDataSource       : HikariPool-6 - Shutdown initiated...
2021-07-26 18:25:41.972  INFO 8464 --- [RMI TCP Connection(283)-127.0.0.1] com.zaxxer.hikari.HikariDataSource       : HikariPool-6 - Shutdown completed.
